C51 COMPILER V9.60.7.0   PRACTICAL_5                                                       03/03/2023 13:44:31 PAGE 1   


C51 COMPILER V9.60.7.0, COMPILATION OF MODULE PRACTICAL_5
OBJECT MODULE PLACED IN .\Objects\Practical_5.obj
COMPILER INVOKED BY: C:\Keil_v5\C51\BIN\C51.EXE Practical_5.c OPTIMIZE(8,SPEED) BROWSE DEBUG OBJECTEXTEND PRINT(.\Listin
                    -gs\Practical_5.lst) TABS(2) OBJECT(.\Objects\Practical_5.obj)

line level    source

   1          #include<reg51.h>
   2          
   3          // Variables
   4          unsigned int i, j, d, e;
   5          
   6          void delay(int ms);
   7          
   8          void main() {
   9   1        while(1) {
  10   2          int digitValues[] = { 0x3F, 0x06, 0x5B, 0x4F, 0x66, 0x6D, 0xFD, 0x07, 0xFF, 0x6F };
  11   2          for(d = 0; d < 10; d++) {
  12   3            P2 = digitValues[d];
  13   3            for(e = 0; e < 10; e++) {
  14   4              P3 = digitValues[e];
  15   4              delay(500);
  16   4            }
  17   3          }
  18   2        }
  19   1      }
  20          
  21          void delay(int ms){
  22   1        for(i = 0; i < ms ; i++){
  23   2            for(j = 0; j < 100; j++);
  24   2        }
  25   1      }


MODULE INFORMATION:   STATIC OVERLAYABLE
   CODE SIZE        =    138    ----
   CONSTANT SIZE    =     20    ----
   XDATA SIZE       =   ----    ----
   PDATA SIZE       =   ----    ----
   DATA SIZE        =      8      20
   IDATA SIZE       =   ----    ----
   BIT SIZE         =   ----    ----
END OF MODULE INFORMATION.


C51 COMPILATION COMPLETE.  0 WARNING(S),  0 ERROR(S)
