C51 COMPILER V9.60.7.0   PRACTICAL_3                                                       03/03/2023 13:18:20 PAGE 1   


C51 COMPILER V9.60.7.0, COMPILATION OF MODULE PRACTICAL_3
OBJECT MODULE PLACED IN .\Objects\Practical_3.obj
COMPILER INVOKED BY: C:\Keil_v5\C51\BIN\C51.EXE Practical_3.c OPTIMIZE(8,SPEED) BROWSE DEBUG OBJECTEXTEND PRINT(.\Listin
                    -gs\Practical_3.lst) TABS(2) OBJECT(.\Objects\Practical_3.obj)

line level    source

   1          #include<reg51.h>
   2          
   3          void delay(int time);
   4          unsigned int i, j, d;
   5          
   6          void main() {
   7   1        int motorValues[] = { 0x09, 0x0C, 0x06, 0x03 };
   8   1        for(d = 0; d < 4; d++) {
   9   2          P2 = motorValues[d];
  10   2          delay(500);
  11   2        }
  12   1      }
  13          
  14          void delay(int time) {
  15   1        for(i = 0; i < time; i++) {
  16   2          for(j = 0; j < 200; j++);
  17   2        }
  18   1      }


MODULE INFORMATION:   STATIC OVERLAYABLE
   CODE SIZE        =    104    ----
   CONSTANT SIZE    =      8    ----
   XDATA SIZE       =   ----    ----
   PDATA SIZE       =   ----    ----
   DATA SIZE        =      6       8
   IDATA SIZE       =   ----    ----
   BIT SIZE         =   ----    ----
END OF MODULE INFORMATION.


C51 COMPILATION COMPLETE.  0 WARNING(S),  0 ERROR(S)
