C51 COMPILER V9.60.7.0   PRACTICAL_7                                                       03/03/2023 16:19:58 PAGE 1   


C51 COMPILER V9.60.7.0, COMPILATION OF MODULE PRACTICAL_7
OBJECT MODULE PLACED IN .\Objects\Practical_7.obj
COMPILER INVOKED BY: C:\Program Files\Keil_V5\C51\BIN\C51.exe Practical_7.c OPTIMIZE(8,SPEED) BROWSE DEBUG OBJECTEXTEND 
                    -PRINT(.\Listings\Practical_7.lst) TABS(2) OBJECT(.\Objects\Practical_7.obj)

line level    source

   1          /* Simulate binary counter on LEDs */
   2          
   3          #include<reg51.h>
   4          
   5          // Variables
   6          unsigned int i, j;
   7          
   8          void delay(int ms);
   9          
  10          void main() {
  11   1        P1 = 0x00;
  12   1        while(1) {
  13   2          P1 += 1;
  14   2          delay(500);
  15   2        }
  16   1      }
  17          
  18          void delay(int ms) {
  19   1        for(i = 0; i < ms; i++) {
  20   2          for(j = 0; j < 500; j++);
  21   2        }
  22   1      }


MODULE INFORMATION:   STATIC OVERLAYABLE
   CODE SIZE        =     60    ----
   CONSTANT SIZE    =   ----    ----
   XDATA SIZE       =   ----    ----
   PDATA SIZE       =   ----    ----
   DATA SIZE        =      4    ----
   IDATA SIZE       =   ----    ----
   BIT SIZE         =   ----    ----
END OF MODULE INFORMATION.


C51 COMPILATION COMPLETE.  0 WARNING(S),  0 ERROR(S)
