C51 COMPILER V9.60.7.0   PRACTICAL_11                                                      03/03/2023 16:49:59 PAGE 1   


C51 COMPILER V9.60.7.0, COMPILATION OF MODULE PRACTICAL_11
OBJECT MODULE PLACED IN .\Objects\Practical_11.obj
COMPILER INVOKED BY: C:\Program Files\Keil_V5\C51\BIN\C51.exe Practical_11.c OPTIMIZE(8,SPEED) BROWSE DEBUG OBJECTEXTEND
                    - PRINT(.\Listings\Practical_11.lst) TABS(2) OBJECT(.\Objects\Practical_11.obj)

line level    source

   1          /* Generate Sine wave frequency. */
   2          
   3          #include<reg51.h>
   4          #include<intrins.h>
   5          
   6          // Variables
   7          unsigned int i;
   8          
   9          void main() {
  10   1        int waveValues[] = { 128, 192, 238, 255, 238, 192, 128, 64, 17, 0, 17, 64 }; 
  11   1        while(1) {
  12   2          for(i = 0; i < 12; i++) {
  13   3            P1 = waveValues[i];
  14   3            _nop_();
  15   3            _nop_();
  16   3            _nop_();
  17   3            _nop_();
  18   3            _nop_();
  19   3            _nop_();
  20   3          }
  21   2        }
  22   1      }


MODULE INFORMATION:   STATIC OVERLAYABLE
   CODE SIZE        =     57    ----
   CONSTANT SIZE    =     24    ----
   XDATA SIZE       =   ----    ----
   PDATA SIZE       =   ----    ----
   DATA SIZE        =      2      24
   IDATA SIZE       =   ----    ----
   BIT SIZE         =   ----    ----
END OF MODULE INFORMATION.


C51 COMPILATION COMPLETE.  0 WARNING(S),  0 ERROR(S)
