C51 COMPILER V9.60.7.0   PRACTICAL_6                                                       03/03/2023 16:13:34 PAGE 1   


C51 COMPILER V9.60.7.0, COMPILATION OF MODULE PRACTICAL_6
OBJECT MODULE PLACED IN .\Objects\Practical_6.obj
COMPILER INVOKED BY: C:\Program Files\Keil_V5\C51\BIN\C51.exe Practical_6.c OPTIMIZE(8,SPEED) BROWSE DEBUG OBJECTEXTEND 
                    -PRINT(.\Listings\Practical_6.lst) TABS(2) OBJECT(.\Objects\Practical_6.obj)

line level    source

   1          #include<reg51.h>
   2          
   3          // Variables
   4          unsigned int i, j;
   5          
   6          void delay();
   7          
   8          void main() {
   9   1        while(1) {
  10   2          P1 = 0xFF;
  11   2          delay();
  12   2          P1 = 0x00;
  13   2          delay();
  14   2        }
  15   1      }
  16          
  17          void delay() {
  18   1        TMOD = 0x01;
  19   1        TL0 = 0xFC;
  20   1        TH0 = 0x65;
  21   1        TR0 = 1;
  22   1        while(TF0 == 0);
  23   1        TR0 = 0;
  24   1        TF0 = 0;
  25   1      }


MODULE INFORMATION:   STATIC OVERLAYABLE
   CODE SIZE        =     33    ----
   CONSTANT SIZE    =   ----    ----
   XDATA SIZE       =   ----    ----
   PDATA SIZE       =   ----    ----
   DATA SIZE        =      4    ----
   IDATA SIZE       =   ----    ----
   BIT SIZE         =   ----    ----
END OF MODULE INFORMATION.


C51 COMPILATION COMPLETE.  0 WARNING(S),  0 ERROR(S)
